Flat profile:

Each sample counts as 0.01 seconds.
  %   cumulative   self              self     total           
 time   seconds   seconds    calls  ms/call  ms/call  name    
 44.97      3.62     3.62 58300488     0.00     0.00  mod(long, long)
 32.17      6.21     2.59     5347     0.48     1.47  right_oracle(deque_struct&)
 20.25      7.84     1.63 37176375     0.00     0.00  std::atomic<deque_node_struct>::load(std::memory_order) const
  1.68      7.97     0.14                             is_null(void*)
  0.37      8.01     0.03     8394     0.00     0.00  std::atomic<deque_hint_struct>::compare_exchange_strong(deque_hint_struct&, deque_hint_struct, std::memory_order, std::memory_order)
  0.31      8.03     0.03     2773     0.01     0.02  left_push(deque_struct&, int*, int&)
  0.12      8.04     0.01     9949     0.00     0.00  set_deque_node(deque_node_struct&, void*, unsigned int)
  0.12      8.05     0.01     4819     0.00     1.63  right_pop(deque_struct&, int&)
  0.00      8.05     0.00    20069     0.00     0.00  std::atomic<deque_hint_struct>::load(std::memory_order) const
  0.00      8.05     0.00    17830     0.00     0.00  std::atomic<deque_node_struct>::compare_exchange_strong(deque_node_struct&, deque_node_struct, std::memory_order, std::memory_order)
  0.00      8.05     0.00    17194     0.00     0.00  std::atomic<deque_node_struct>::compare_exchange_strong(deque_node_struct&, deque_node_struct, std::memory_order)
  0.00      8.05     0.00     9262     0.00     0.00  copy_deque_node(deque_node_struct&, deque_node_struct&)
  0.00      8.05     0.00     9133     0.00     0.00  set_deque_hint(deque_hint_struct&, std::atomic<deque_node_struct>*, long)
  0.00      8.05     0.00     8155     0.00     0.00  std::atomic<deque_hint_struct>::compare_exchange_strong(deque_hint_struct&, deque_hint_struct, std::memory_order)
  0.00      8.05     0.00     6711     0.00     0.00  init_deque_node(std::atomic<deque_node_struct>&, void*)
  0.00      8.05     0.00     6183     0.00     0.00  std::atomic<deque_node_struct>::store(deque_node_struct, std::memory_order)
  0.00      8.05     0.00     5665     0.00     0.00  std::__atomic_base<unsigned long>::operator--(int)
  0.00      8.05     0.00     4984     0.00     0.00  std::__atomic_base<unsigned long>::fetch_sub(unsigned long, std::memory_order)
  0.00      8.05     0.00     4451     0.00     0.00  left_oracle(deque_struct&)
  0.00      8.05     0.00     3212     0.00     0.00  std::__atomic_base<unsigned long>::fetch_add(unsigned long, std::memory_order)
  0.00      8.05     0.00     2796     0.00     0.00  std::__atomic_base<unsigned long>::operator++(int)
  0.00      8.05     0.00      156     0.00     0.00  init_buffer(std::atomic<deque_node_struct>*, int, buffer_fill)
  0.00      8.05     0.00        2     0.00     0.00  std::atomic<deque_hint_struct>::store(deque_hint_struct, std::memory_order)
  0.00      8.05     0.00        1     0.00     0.00  init_deque(deque_struct&)
  0.00      8.05     0.00        1     0.00     0.00  std::__atomic_base<unsigned long>::store(unsigned long, std::memory_order)
  0.00      8.05     0.00        1     0.00     0.00  std::__atomic_base<unsigned long>::operator=(unsigned long)

 %         the percentage of the total running time of the
time       program used by this function.

cumulative a running sum of the number of seconds accounted
 seconds   for by this function and those listed above it.

 self      the number of seconds accounted for by this
seconds    function alone.  This is the major sort for this
           listing.

calls      the number of times this function was invoked, if
           this function is profiled, else blank.
 
 self      the average number of milliseconds spent in this
ms/call    function per call, if this function is profiled,
	   else blank.

 total     the average number of milliseconds spent in this
ms/call    function and its descendents per call, if this 
	   function is profiled, else blank.

name       the name of the function.  This is the minor sort
           for this listing. The index shows the location of
	   the function in the gprof listing. If the index is
	   in parenthesis it shows where it would appear in
	   the gprof listing if it were to be printed.

		     Call graph (explanation follows)


granularity: each sample hit covers 4 byte(s) for 0.12% of 8.05 seconds

index % time    self  children    called     name
                                                 <spontaneous>
[1]     98.3    0.00    7.91                 timing_run(void*) [1]
                0.01    7.86    4819/4819        right_pop(deque_struct&, int&) [2]
                0.03    0.02    2773/2773        left_push(deque_struct&, int*, int&) [7]
-----------------------------------------------
                0.01    7.86    4819/4819        timing_run(void*) [1]
[2]     97.8    0.01    7.86    4819         right_pop(deque_struct&, int&) [2]
                2.59    5.24    5347/5347        right_oracle(deque_struct&) [3]
                0.00    0.02    5282/8155        std::atomic<deque_hint_struct>::compare_exchange_strong(deque_hint_struct&, deque_hint_struct, std::memory_order) [9]
                0.01    0.00    5481/9949        set_deque_node(deque_node_struct&, void*, unsigned int) [10]
                0.00    0.00   11382/58300488     mod(long, long) [4]
                0.00    0.00   11211/37176375     std::atomic<deque_node_struct>::load(std::memory_order) const [5]
                0.00    0.00   10525/17194       std::atomic<deque_node_struct>::compare_exchange_strong(deque_node_struct&, deque_node_struct, std::memory_order) [20]
                0.00    0.00    5665/5665        std::__atomic_base<unsigned long>::operator--(int) [25]
                0.00    0.00    5521/9133        set_deque_hint(deque_hint_struct&, std::atomic<deque_node_struct>*, long) [22]
                0.00    0.00    5294/20069       std::atomic<deque_hint_struct>::load(std::memory_order) const [18]
                0.00    0.00    5161/9262        copy_deque_node(deque_node_struct&, deque_node_struct&) [21]
-----------------------------------------------
                2.59    5.24    5347/5347        right_pop(deque_struct&, int&) [2]
[3]     97.3    2.59    5.24    5347         right_oracle(deque_struct&) [3]
                3.62    0.00 58241425/58300488     mod(long, long) [4]
                1.63    0.00 37128805/37176375     std::atomic<deque_node_struct>::load(std::memory_order) const [5]
                0.00    0.00    5562/20069       std::atomic<deque_hint_struct>::load(std::memory_order) const [18]
                0.00    0.00     187/9133        set_deque_hint(deque_hint_struct&, std::atomic<deque_node_struct>*, long) [22]
-----------------------------------------------
                0.00    0.00    8919/58300488     left_push(deque_struct&, int*, int&) [7]
                0.00    0.00   11382/58300488     right_pop(deque_struct&, int&) [2]
                0.00    0.00   38762/58300488     left_oracle(deque_struct&) [11]
                3.62    0.00 58241425/58300488     right_oracle(deque_struct&) [3]
[4]     45.0    3.62    0.00 58300488         mod(long, long) [4]
-----------------------------------------------
                0.00    0.00    9051/37176375     left_push(deque_struct&, int*, int&) [7]
                0.00    0.00   11211/37176375     right_pop(deque_struct&, int&) [2]
                0.00    0.00   27308/37176375     left_oracle(deque_struct&) [11]
                1.63    0.00 37128805/37176375     right_oracle(deque_struct&) [3]
[5]     20.2    1.63    0.00 37176375         std::atomic<deque_node_struct>::load(std::memory_order) const [5]
-----------------------------------------------
                                                 <spontaneous>
[6]      1.7    0.14    0.00                 is_null(void*) [6]
-----------------------------------------------
                0.03    0.02    2773/2773        timing_run(void*) [1]
[7]      0.6    0.03    0.02    2773         left_push(deque_struct&, int*, int&) [7]
                0.00    0.01    2873/8155        std::atomic<deque_hint_struct>::compare_exchange_strong(deque_hint_struct&, deque_hint_struct, std::memory_order) [9]
                0.00    0.00    4468/9949        set_deque_node(deque_node_struct&, void*, unsigned int) [10]
                0.00    0.00    4451/4451        left_oracle(deque_struct&) [11]
                0.00    0.00    8919/58300488     mod(long, long) [4]
                0.00    0.00    9051/37176375     std::atomic<deque_node_struct>::load(std::memory_order) const [5]
                0.00    0.00    6669/17194       std::atomic<deque_node_struct>::compare_exchange_strong(deque_node_struct&, deque_node_struct, std::memory_order) [20]
                0.00    0.00    4412/20069       std::atomic<deque_hint_struct>::load(std::memory_order) const [18]
                0.00    0.00    4101/9262        copy_deque_node(deque_node_struct&, deque_node_struct&) [21]
                0.00    0.00    2830/9133        set_deque_hint(deque_hint_struct&, std::atomic<deque_node_struct>*, long) [22]
                0.00    0.00    2796/2796        std::__atomic_base<unsigned long>::operator++(int) [28]
                0.00    0.00     395/6183        std::atomic<deque_node_struct>::store(deque_node_struct, std::memory_order) [24]
                0.00    0.00     155/156         init_buffer(std::atomic<deque_node_struct>*, int, buffer_fill) [29]
-----------------------------------------------
                0.03    0.00    8394/8394        std::atomic<deque_hint_struct>::compare_exchange_strong(deque_hint_struct&, deque_hint_struct, std::memory_order) [9]
[8]      0.4    0.03    0.00    8394         std::atomic<deque_hint_struct>::compare_exchange_strong(deque_hint_struct&, deque_hint_struct, std::memory_order, std::memory_order) [8]
-----------------------------------------------
                0.00    0.01    2873/8155        left_push(deque_struct&, int*, int&) [7]
                0.00    0.02    5282/8155        right_pop(deque_struct&, int&) [2]
[9]      0.4    0.00    0.03    8155         std::atomic<deque_hint_struct>::compare_exchange_strong(deque_hint_struct&, deque_hint_struct, std::memory_order) [9]
                0.03    0.00    8394/8394        std::atomic<deque_hint_struct>::compare_exchange_strong(deque_hint_struct&, deque_hint_struct, std::memory_order, std::memory_order) [8]
-----------------------------------------------
                0.00    0.00    4468/9949        left_push(deque_struct&, int*, int&) [7]
                0.01    0.00    5481/9949        right_pop(deque_struct&, int&) [2]
[10]     0.1    0.01    0.00    9949         set_deque_node(deque_node_struct&, void*, unsigned int) [10]
-----------------------------------------------
                0.00    0.00    4451/4451        left_push(deque_struct&, int*, int&) [7]
[11]     0.0    0.00    0.00    4451         left_oracle(deque_struct&) [11]
                0.00    0.00   38762/58300488     mod(long, long) [4]
                0.00    0.00   27308/37176375     std::atomic<deque_node_struct>::load(std::memory_order) const [5]
                0.00    0.00    4801/20069       std::atomic<deque_hint_struct>::load(std::memory_order) const [18]
                0.00    0.00     593/9133        set_deque_hint(deque_hint_struct&, std::atomic<deque_node_struct>*, long) [22]
-----------------------------------------------
                0.00    0.00    4412/20069       left_push(deque_struct&, int*, int&) [7]
                0.00    0.00    4801/20069       left_oracle(deque_struct&) [11]
                0.00    0.00    5294/20069       right_pop(deque_struct&, int&) [2]
                0.00    0.00    5562/20069       right_oracle(deque_struct&) [3]
[18]     0.0    0.00    0.00   20069         std::atomic<deque_hint_struct>::load(std::memory_order) const [18]
-----------------------------------------------
                0.00    0.00   17830/17830       std::atomic<deque_node_struct>::compare_exchange_strong(deque_node_struct&, deque_node_struct, std::memory_order) [20]
[19]     0.0    0.00    0.00   17830         std::atomic<deque_node_struct>::compare_exchange_strong(deque_node_struct&, deque_node_struct, std::memory_order, std::memory_order) [19]
-----------------------------------------------
                0.00    0.00    6669/17194       left_push(deque_struct&, int*, int&) [7]
                0.00    0.00   10525/17194       right_pop(deque_struct&, int&) [2]
[20]     0.0    0.00    0.00   17194         std::atomic<deque_node_struct>::compare_exchange_strong(deque_node_struct&, deque_node_struct, std::memory_order) [20]
                0.00    0.00   17830/17830       std::atomic<deque_node_struct>::compare_exchange_strong(deque_node_struct&, deque_node_struct, std::memory_order, std::memory_order) [19]
-----------------------------------------------
                0.00    0.00    4101/9262        left_push(deque_struct&, int*, int&) [7]
                0.00    0.00    5161/9262        right_pop(deque_struct&, int&) [2]
[21]     0.0    0.00    0.00    9262         copy_deque_node(deque_node_struct&, deque_node_struct&) [21]
-----------------------------------------------
                0.00    0.00       2/9133        init_deque(deque_struct&) [31]
                0.00    0.00     187/9133        right_oracle(deque_struct&) [3]
                0.00    0.00     593/9133        left_oracle(deque_struct&) [11]
                0.00    0.00    2830/9133        left_push(deque_struct&, int*, int&) [7]
                0.00    0.00    5521/9133        right_pop(deque_struct&, int&) [2]
[22]     0.0    0.00    0.00    9133         set_deque_hint(deque_hint_struct&, std::atomic<deque_node_struct>*, long) [22]
-----------------------------------------------
                0.00    0.00    6711/6711        init_buffer(std::atomic<deque_node_struct>*, int, buffer_fill) [29]
[23]     0.0    0.00    0.00    6711         init_deque_node(std::atomic<deque_node_struct>&, void*) [23]
                0.00    0.00    5788/6183        std::atomic<deque_node_struct>::store(deque_node_struct, std::memory_order) [24]
-----------------------------------------------
                0.00    0.00     395/6183        left_push(deque_struct&, int*, int&) [7]
                0.00    0.00    5788/6183        init_deque_node(std::atomic<deque_node_struct>&, void*) [23]
[24]     0.0    0.00    0.00    6183         std::atomic<deque_node_struct>::store(deque_node_struct, std::memory_order) [24]
-----------------------------------------------
                0.00    0.00    5665/5665        right_pop(deque_struct&, int&) [2]
[25]     0.0    0.00    0.00    5665         std::__atomic_base<unsigned long>::operator--(int) [25]
                0.00    0.00    4984/4984        std::__atomic_base<unsigned long>::fetch_sub(unsigned long, std::memory_order) [26]
-----------------------------------------------
                0.00    0.00    4984/4984        std::__atomic_base<unsigned long>::operator--(int) [25]
[26]     0.0    0.00    0.00    4984         std::__atomic_base<unsigned long>::fetch_sub(unsigned long, std::memory_order) [26]
-----------------------------------------------
                0.00    0.00    3212/3212        std::__atomic_base<unsigned long>::operator++(int) [28]
[27]     0.0    0.00    0.00    3212         std::__atomic_base<unsigned long>::fetch_add(unsigned long, std::memory_order) [27]
-----------------------------------------------
                0.00    0.00    2796/2796        left_push(deque_struct&, int*, int&) [7]
[28]     0.0    0.00    0.00    2796         std::__atomic_base<unsigned long>::operator++(int) [28]
                0.00    0.00    3212/3212        std::__atomic_base<unsigned long>::fetch_add(unsigned long, std::memory_order) [27]
-----------------------------------------------
                0.00    0.00       1/156         init_deque(deque_struct&) [31]
                0.00    0.00     155/156         left_push(deque_struct&, int*, int&) [7]
[29]     0.0    0.00    0.00     156         init_buffer(std::atomic<deque_node_struct>*, int, buffer_fill) [29]
                0.00    0.00    6711/6711        init_deque_node(std::atomic<deque_node_struct>&, void*) [23]
-----------------------------------------------
                0.00    0.00       2/2           init_deque(deque_struct&) [31]
[30]     0.0    0.00    0.00       2         std::atomic<deque_hint_struct>::store(deque_hint_struct, std::memory_order) [30]
-----------------------------------------------
                0.00    0.00       1/1           main [16]
[31]     0.0    0.00    0.00       1         init_deque(deque_struct&) [31]
                0.00    0.00       2/9133        set_deque_hint(deque_hint_struct&, std::atomic<deque_node_struct>*, long) [22]
                0.00    0.00       2/2           std::atomic<deque_hint_struct>::store(deque_hint_struct, std::memory_order) [30]
                0.00    0.00       1/156         init_buffer(std::atomic<deque_node_struct>*, int, buffer_fill) [29]
                0.00    0.00       1/1           std::__atomic_base<unsigned long>::operator=(unsigned long) [33]
-----------------------------------------------
                0.00    0.00       1/1           std::__atomic_base<unsigned long>::operator=(unsigned long) [33]
[32]     0.0    0.00    0.00       1         std::__atomic_base<unsigned long>::store(unsigned long, std::memory_order) [32]
-----------------------------------------------
                0.00    0.00       1/1           init_deque(deque_struct&) [31]
[33]     0.0    0.00    0.00       1         std::__atomic_base<unsigned long>::operator=(unsigned long) [33]
                0.00    0.00       1/1           std::__atomic_base<unsigned long>::store(unsigned long, std::memory_order) [32]
-----------------------------------------------

 This table describes the call tree of the program, and was sorted by
 the total amount of time spent in each function and its children.

 Each entry in this table consists of several lines.  The line with the
 index number at the left hand margin lists the current function.
 The lines above it list the functions that called this function,
 and the lines below it list the functions this one called.
 This line lists:
     index	A unique number given to each element of the table.
		Index numbers are sorted numerically.
		The index number is printed next to every function name so
		it is easier to look up where the function in the table.

     % time	This is the percentage of the `total' time that was spent
		in this function and its children.  Note that due to
		different viewpoints, functions excluded by options, etc,
		these numbers will NOT add up to 100%.

     self	This is the total amount of time spent in this function.

     children	This is the total amount of time propagated into this
		function by its children.

     called	This is the number of times the function was called.
		If the function called itself recursively, the number
		only includes non-recursive calls, and is followed by
		a `+' and the number of recursive calls.

     name	The name of the current function.  The index number is
		printed after it.  If the function is a member of a
		cycle, the cycle number is printed between the
		function's name and the index number.


 For the function's parents, the fields have the following meanings:

     self	This is the amount of time that was propagated directly
		from the function into this parent.

     children	This is the amount of time that was propagated from
		the function's children into this parent.

     called	This is the number of times this parent called the
		function `/' the total number of times the function
		was called.  Recursive calls to the function are not
		included in the number after the `/'.

     name	This is the name of the parent.  The parent's index
		number is printed after it.  If the parent is a
		member of a cycle, the cycle number is printed between
		the name and the index number.

 If the parents of the function cannot be determined, the word
 `<spontaneous>' is printed in the `name' field, and all the other
 fields are blank.

 For the function's children, the fields have the following meanings:

     self	This is the amount of time that was propagated directly
		from the child into the function.

     children	This is the amount of time that was propagated from the
		child's children to the function.

     called	This is the number of times the function called
		this child `/' the total number of times the child
		was called.  Recursive calls by the child are not
		listed in the number after the `/'.

     name	This is the name of the child.  The child's index
		number is printed after it.  If the child is a
		member of a cycle, the cycle number is printed
		between the name and the index number.

 If there are any cycles (circles) in the call graph, there is an
 entry for the cycle-as-a-whole.  This entry shows who called the
 cycle (as parents) and the members of the cycle (as children.)
 The `+' recursive calls entry shows the number of function calls that
 were internal to the cycle, and the calls entry for each member shows,
 for that member, how many times it was called from other members of
 the cycle.


Index by function name

  [31] init_deque(deque_struct&) [2] right_pop(deque_struct&, int&) [25] std::__atomic_base<unsigned long>::operator--(int)
  [29] init_buffer(std::atomic<deque_node_struct>*, int, buffer_fill) [4] mod(long, long) (deque.h) [28] std::__atomic_base<unsigned long>::operator++(int)
  [11] left_oracle(deque_struct&) [6] is_null(void*) (deque.h) [9] std::atomic<deque_hint_struct>::compare_exchange_strong(deque_hint_struct&, deque_hint_struct, std::memory_order)
   [3] right_oracle(deque_struct&) [18] std::atomic<deque_hint_struct>::load(std::memory_order) const [8] std::atomic<deque_hint_struct>::compare_exchange_strong(deque_hint_struct&, deque_hint_struct, std::memory_order, std::memory_order)
  [22] set_deque_hint(deque_hint_struct&, std::atomic<deque_node_struct>*, long) [5] std::atomic<deque_node_struct>::load(std::memory_order) const [30] std::atomic<deque_hint_struct>::store(deque_hint_struct, std::memory_order)
  [10] set_deque_node(deque_node_struct&, void*, unsigned int) [32] std::__atomic_base<unsigned long>::store(unsigned long, std::memory_order) [20] std::atomic<deque_node_struct>::compare_exchange_strong(deque_node_struct&, deque_node_struct, std::memory_order)
  [21] copy_deque_node(deque_node_struct&, deque_node_struct&) [27] std::__atomic_base<unsigned long>::fetch_add(unsigned long, std::memory_order) [19] std::atomic<deque_node_struct>::compare_exchange_strong(deque_node_struct&, deque_node_struct, std::memory_order, std::memory_order)
  [23] init_deque_node(std::atomic<deque_node_struct>&, void*) [26] std::__atomic_base<unsigned long>::fetch_sub(unsigned long, std::memory_order) [24] std::atomic<deque_node_struct>::store(deque_node_struct, std::memory_order)
   [7] left_push(deque_struct&, int*, int&) [33] std::__atomic_base<unsigned long>::operator=(unsigned long)
