Flat profile:

Each sample counts as 0.01 seconds.
  %   cumulative   self              self     total           
 time   seconds   seconds    calls  us/call  us/call  name    
 14.29      0.01     0.01   322040     0.03     0.03  mod(long, long)
 14.29      0.02     0.01   216173     0.05     0.05  std::atomic<deque_node_struct>::load(std::memory_order) const
 14.29      0.03     0.01    12161     0.82     0.82  std::atomic<deque_node_struct>::compare_exchange_strong(deque_node_struct&, deque_node_struct, std::memory_order, std::memory_order)
 14.29      0.04     0.01     3428     2.92     5.74  right_oracle(deque_struct&)
 14.29      0.05     0.01     1244     8.04    14.03  left_pop(deque_struct&, int&)
 14.29      0.06     0.01                             std::__atomic_base<int>::operator int() const
 14.29      0.07     0.01                             std::__detail::_Mod<unsigned int, 2147483647u, 16807u, 0u, false>::__calc(unsigned int)
  0.00      0.07     0.00    13500     0.00     0.00  std::atomic<deque_hint_struct>::load(std::memory_order) const
  0.00      0.07     0.00    11799     0.00     0.85  std::atomic<deque_node_struct>::compare_exchange_strong(deque_node_struct&, deque_node_struct, std::memory_order)
  0.00      0.07     0.00     6392     0.00     0.00  set_deque_node(deque_node_struct&, void*, unsigned int)
  0.00      0.07     0.00     6262     0.00     0.00  copy_deque_node(deque_node_struct&, deque_node_struct&)
  0.00      0.07     0.00     5721     0.00     0.00  set_deque_hint(deque_hint_struct&, std::atomic<deque_node_struct>*, long)
  0.00      0.07     0.00     5570     0.00     0.00  std::atomic<deque_hint_struct>::compare_exchange_strong(deque_hint_struct&, deque_hint_struct, std::memory_order, std::memory_order)
  0.00      0.07     0.00     5452     0.00     0.00  std::atomic<deque_hint_struct>::compare_exchange_strong(deque_hint_struct&, deque_hint_struct, std::memory_order)
  0.00      0.07     0.00     3577     0.00     2.60  left_oracle(deque_struct&)
  0.00      0.07     0.00     2754     0.00     0.00  std::__atomic_base<unsigned long>::fetch_sub(unsigned long, std::memory_order)
  0.00      0.07     0.00     2668     0.00     0.00  std::__atomic_base<unsigned long>::operator--(int)
  0.00      0.07     0.00     2642     0.00     0.00  std::__atomic_base<unsigned long>::fetch_add(unsigned long, std::memory_order)
  0.00      0.07     0.00     2531     0.00     0.00  std::__atomic_base<unsigned long>::operator++(int)
  0.00      0.07     0.00     1260     0.00     5.95  left_push(deque_struct&, int*, int&)
  0.00      0.07     0.00     1220     0.00    10.50  right_push(deque_struct&, int*, int&)
  0.00      0.07     0.00     1189     0.00    10.29  right_pop(deque_struct&, int&)
  0.00      0.07     0.00       60     0.00     0.00  init_deque_node(std::atomic<deque_node_struct>&, void*)
  0.00      0.07     0.00       58     0.00     0.00  std::atomic<deque_node_struct>::store(deque_node_struct, std::memory_order)
  0.00      0.07     0.00       10     0.00     0.07  compare_node(std::atomic<deque_node_struct>&, deque_node_struct&)
  0.00      0.07     0.00        2     0.00     0.00  init_buffer(std::atomic<deque_node_struct>*, int, buffer_fill)
  0.00      0.07     0.00        2     0.00     0.00  std::atomic<deque_hint_struct>::store(deque_hint_struct, std::memory_order)
  0.00      0.07     0.00        1     0.00     0.00  init_deque(deque_struct&)
  0.00      0.07     0.00        1     0.00     0.00  std::__atomic_base<unsigned long>::store(unsigned long, std::memory_order)
  0.00      0.07     0.00        1     0.00     0.00  std::__atomic_base<unsigned long>::operator=(unsigned long)

 %         the percentage of the total running time of the
time       program used by this function.

cumulative a running sum of the number of seconds accounted
 seconds   for by this function and those listed above it.

 self      the number of seconds accounted for by this
seconds    function alone.  This is the major sort for this
           listing.

calls      the number of times this function was invoked, if
           this function is profiled, else blank.
 
 self      the average number of milliseconds spent in this
ms/call    function per call, if this function is profiled,
	   else blank.

 total     the average number of milliseconds spent in this
ms/call    function and its descendents per call, if this 
	   function is profiled, else blank.

name       the name of the function.  This is the minor sort
           for this listing. The index shows the location of
	   the function in the gprof listing. If the index is
	   in parenthesis it shows where it would appear in
	   the gprof listing if it were to be printed.

		     Call graph (explanation follows)


granularity: each sample hit covers 4 byte(s) for 14.29% of 0.07 seconds

index % time    self  children    called     name
                                                 <spontaneous>
[1]     71.4    0.00    0.05                 timing_run(void*) [1]
                0.01    0.01    1244/1244        left_pop(deque_struct&, int&) [3]
                0.00    0.01    1220/1220        right_push(deque_struct&, int*, int&) [4]
                0.00    0.01    1189/1189        right_pop(deque_struct&, int&) [5]
                0.00    0.01    1260/1260        left_push(deque_struct&, int*, int&) [13]
-----------------------------------------------
                0.00    0.00    1664/3428        right_pop(deque_struct&, int&) [5]
                0.01    0.00    1764/3428        right_push(deque_struct&, int*, int&) [4]
[2]     28.1    0.01    0.01    3428         right_oracle(deque_struct&) [2]
                0.00    0.00  157012/322040      mod(long, long) [6]
                0.00    0.00  103500/216173      std::atomic<deque_node_struct>::load(std::memory_order) const [7]
                0.00    0.00    3464/13500       std::atomic<deque_hint_struct>::load(std::memory_order) const [21]
                0.00    0.00     258/5721        set_deque_hint(deque_hint_struct&, std::atomic<deque_node_struct>*, long) [24]
-----------------------------------------------
                0.01    0.01    1244/1244        timing_run(void*) [1]
[3]     24.9    0.01    0.01    1244         left_pop(deque_struct&, int&) [3]
                0.00    0.00    1766/3577        left_oracle(deque_struct&) [12]
                0.00    0.00    3066/11799       std::atomic<deque_node_struct>::compare_exchange_strong(deque_node_struct&, deque_node_struct, std::memory_order) [9]
                0.00    0.00    3353/216173      std::atomic<deque_node_struct>::load(std::memory_order) const [7]
                0.00    0.00    3495/322040      mod(long, long) [6]
                0.00    0.00       2/10          compare_node(std::atomic<deque_node_struct>&, deque_node_struct&) [14]
                0.00    0.00    1630/6392        set_deque_node(deque_node_struct&, void*, unsigned int) [22]
                0.00    0.00    1626/13500       std::atomic<deque_hint_struct>::load(std::memory_order) const [21]
                0.00    0.00    1505/6262        copy_deque_node(deque_node_struct&, deque_node_struct&) [23]
                0.00    0.00    1382/5452        std::atomic<deque_hint_struct>::compare_exchange_strong(deque_hint_struct&, deque_hint_struct, std::memory_order) [26]
                0.00    0.00    1339/2668        std::__atomic_base<unsigned long>::operator--(int) [28]
                0.00    0.00    1287/5721        set_deque_hint(deque_hint_struct&, std::atomic<deque_node_struct>*, long) [24]
-----------------------------------------------
                0.00    0.01    1220/1220        timing_run(void*) [1]
[4]     18.3    0.00    0.01    1220         right_push(deque_struct&, int*, int&) [4]
                0.01    0.00    1764/3428        right_oracle(deque_struct&) [2]
                0.00    0.00    2884/11799       std::atomic<deque_node_struct>::compare_exchange_strong(deque_node_struct&, deque_node_struct, std::memory_order) [9]
                0.00    0.00    3264/216173      std::atomic<deque_node_struct>::load(std::memory_order) const [7]
                0.00    0.00    3247/322040      mod(long, long) [6]
                0.00    0.00    1626/6262        copy_deque_node(deque_node_struct&, deque_node_struct&) [23]
                0.00    0.00    1561/13500       std::atomic<deque_hint_struct>::load(std::memory_order) const [21]
                0.00    0.00    1552/6392        set_deque_node(deque_node_struct&, void*, unsigned int) [22]
                0.00    0.00    1389/5452        std::atomic<deque_hint_struct>::compare_exchange_strong(deque_hint_struct&, deque_hint_struct, std::memory_order) [26]
                0.00    0.00    1284/5721        set_deque_hint(deque_hint_struct&, std::atomic<deque_node_struct>*, long) [24]
                0.00    0.00    1259/2531        std::__atomic_base<unsigned long>::operator++(int) [30]
                0.00    0.00       2/58          std::atomic<deque_node_struct>::store(deque_node_struct, std::memory_order) [32]
                0.00    0.00       1/2           init_buffer(std::atomic<deque_node_struct>*, int, buffer_fill) [33]
-----------------------------------------------
                0.00    0.01    1189/1189        timing_run(void*) [1]
[5]     17.5    0.00    0.01    1189         right_pop(deque_struct&, int&) [5]
                0.00    0.00    1664/3428        right_oracle(deque_struct&) [2]
                0.00    0.00    2865/11799       std::atomic<deque_node_struct>::compare_exchange_strong(deque_node_struct&, deque_node_struct, std::memory_order) [9]
                0.00    0.00    3383/216173      std::atomic<deque_node_struct>::load(std::memory_order) const [7]
                0.00    0.00    3390/322040      mod(long, long) [6]
                0.00    0.00       8/10          compare_node(std::atomic<deque_node_struct>&, deque_node_struct&) [14]
                0.00    0.00    1603/13500       std::atomic<deque_hint_struct>::load(std::memory_order) const [21]
                0.00    0.00    1549/6392        set_deque_node(deque_node_struct&, void*, unsigned int) [22]
                0.00    0.00    1487/6262        copy_deque_node(deque_node_struct&, deque_node_struct&) [23]
                0.00    0.00    1343/5721        set_deque_hint(deque_hint_struct&, std::atomic<deque_node_struct>*, long) [24]
                0.00    0.00    1329/2668        std::__atomic_base<unsigned long>::operator--(int) [28]
                0.00    0.00    1308/5452        std::atomic<deque_hint_struct>::compare_exchange_strong(deque_hint_struct&, deque_hint_struct, std::memory_order) [26]
-----------------------------------------------
                0.00    0.00    3247/322040      right_push(deque_struct&, int*, int&) [4]
                0.00    0.00    3390/322040      right_pop(deque_struct&, int&) [5]
                0.00    0.00    3470/322040      left_push(deque_struct&, int*, int&) [13]
                0.00    0.00    3495/322040      left_pop(deque_struct&, int&) [3]
                0.00    0.00  151426/322040      left_oracle(deque_struct&) [12]
                0.00    0.00  157012/322040      right_oracle(deque_struct&) [2]
[6]     14.3    0.01    0.00  322040         mod(long, long) [6]
-----------------------------------------------
                0.00    0.00      16/216173      compare_node(std::atomic<deque_node_struct>&, deque_node_struct&) [14]
                0.00    0.00    3264/216173      right_push(deque_struct&, int*, int&) [4]
                0.00    0.00    3353/216173      left_pop(deque_struct&, int&) [3]
                0.00    0.00    3383/216173      right_pop(deque_struct&, int&) [5]
                0.00    0.00    3414/216173      left_push(deque_struct&, int*, int&) [13]
                0.00    0.00   99243/216173      left_oracle(deque_struct&) [12]
                0.00    0.00  103500/216173      right_oracle(deque_struct&) [2]
[7]     14.3    0.01    0.00  216173         std::atomic<deque_node_struct>::load(std::memory_order) const [7]
-----------------------------------------------
                0.01    0.00   12161/12161       std::atomic<deque_node_struct>::compare_exchange_strong(deque_node_struct&, deque_node_struct, std::memory_order) [9]
[8]     14.3    0.01    0.00   12161         std::atomic<deque_node_struct>::compare_exchange_strong(deque_node_struct&, deque_node_struct, std::memory_order, std::memory_order) [8]
-----------------------------------------------
                0.00    0.00    2865/11799       right_pop(deque_struct&, int&) [5]
                0.00    0.00    2884/11799       right_push(deque_struct&, int*, int&) [4]
                0.00    0.00    2984/11799       left_push(deque_struct&, int*, int&) [13]
                0.00    0.00    3066/11799       left_pop(deque_struct&, int&) [3]
[9]     14.3    0.00    0.01   11799         std::atomic<deque_node_struct>::compare_exchange_strong(deque_node_struct&, deque_node_struct, std::memory_order) [9]
                0.01    0.00   12161/12161       std::atomic<deque_node_struct>::compare_exchange_strong(deque_node_struct&, deque_node_struct, std::memory_order, std::memory_order) [8]
-----------------------------------------------
                                                 <spontaneous>
[10]    14.3    0.01    0.00                 std::__atomic_base<int>::operator int() const [10]
-----------------------------------------------
                                                 <spontaneous>
[11]    14.3    0.01    0.00                 std::__detail::_Mod<unsigned int, 2147483647u, 16807u, 0u, false>::__calc(unsigned int) [11]
-----------------------------------------------
                0.00    0.00    1766/3577        left_pop(deque_struct&, int&) [3]
                0.00    0.00    1811/3577        left_push(deque_struct&, int*, int&) [13]
[12]    13.3    0.00    0.01    3577         left_oracle(deque_struct&) [12]
                0.00    0.00  151426/322040      mod(long, long) [6]
                0.00    0.00   99243/216173      std::atomic<deque_node_struct>::load(std::memory_order) const [7]
                0.00    0.00    3590/13500       std::atomic<deque_hint_struct>::load(std::memory_order) const [21]
                0.00    0.00     251/5721        set_deque_hint(deque_hint_struct&, std::atomic<deque_node_struct>*, long) [24]
-----------------------------------------------
                0.00    0.01    1260/1260        timing_run(void*) [1]
[13]    10.7    0.00    0.01    1260         left_push(deque_struct&, int*, int&) [13]
                0.00    0.00    1811/3577        left_oracle(deque_struct&) [12]
                0.00    0.00    2984/11799       std::atomic<deque_node_struct>::compare_exchange_strong(deque_node_struct&, deque_node_struct, std::memory_order) [9]
                0.00    0.00    3414/216173      std::atomic<deque_node_struct>::load(std::memory_order) const [7]
                0.00    0.00    3470/322040      mod(long, long) [6]
                0.00    0.00    1661/6392        set_deque_node(deque_node_struct&, void*, unsigned int) [22]
                0.00    0.00    1656/13500       std::atomic<deque_hint_struct>::load(std::memory_order) const [21]
                0.00    0.00    1644/6262        copy_deque_node(deque_node_struct&, deque_node_struct&) [23]
                0.00    0.00    1373/5452        std::atomic<deque_hint_struct>::compare_exchange_strong(deque_hint_struct&, deque_hint_struct, std::memory_order) [26]
                0.00    0.00    1296/5721        set_deque_hint(deque_hint_struct&, std::atomic<deque_node_struct>*, long) [24]
                0.00    0.00    1272/2531        std::__atomic_base<unsigned long>::operator++(int) [30]
-----------------------------------------------
                0.00    0.00       2/10          left_pop(deque_struct&, int&) [3]
                0.00    0.00       8/10          right_pop(deque_struct&, int&) [5]
[14]     0.0    0.00    0.00      10         compare_node(std::atomic<deque_node_struct>&, deque_node_struct&) [14]
                0.00    0.00      16/216173      std::atomic<deque_node_struct>::load(std::memory_order) const [7]
-----------------------------------------------
                0.00    0.00    1561/13500       right_push(deque_struct&, int*, int&) [4]
                0.00    0.00    1603/13500       right_pop(deque_struct&, int&) [5]
                0.00    0.00    1626/13500       left_pop(deque_struct&, int&) [3]
                0.00    0.00    1656/13500       left_push(deque_struct&, int*, int&) [13]
                0.00    0.00    3464/13500       right_oracle(deque_struct&) [2]
                0.00    0.00    3590/13500       left_oracle(deque_struct&) [12]
[21]     0.0    0.00    0.00   13500         std::atomic<deque_hint_struct>::load(std::memory_order) const [21]
-----------------------------------------------
                0.00    0.00    1549/6392        right_pop(deque_struct&, int&) [5]
                0.00    0.00    1552/6392        right_push(deque_struct&, int*, int&) [4]
                0.00    0.00    1630/6392        left_pop(deque_struct&, int&) [3]
                0.00    0.00    1661/6392        left_push(deque_struct&, int*, int&) [13]
[22]     0.0    0.00    0.00    6392         set_deque_node(deque_node_struct&, void*, unsigned int) [22]
-----------------------------------------------
                0.00    0.00    1487/6262        right_pop(deque_struct&, int&) [5]
                0.00    0.00    1505/6262        left_pop(deque_struct&, int&) [3]
                0.00    0.00    1626/6262        right_push(deque_struct&, int*, int&) [4]
                0.00    0.00    1644/6262        left_push(deque_struct&, int*, int&) [13]
[23]     0.0    0.00    0.00    6262         copy_deque_node(deque_node_struct&, deque_node_struct&) [23]
-----------------------------------------------
                0.00    0.00       2/5721        init_deque(deque_struct&) [35]
                0.00    0.00     251/5721        left_oracle(deque_struct&) [12]
                0.00    0.00     258/5721        right_oracle(deque_struct&) [2]
                0.00    0.00    1284/5721        right_push(deque_struct&, int*, int&) [4]
                0.00    0.00    1287/5721        left_pop(deque_struct&, int&) [3]
                0.00    0.00    1296/5721        left_push(deque_struct&, int*, int&) [13]
                0.00    0.00    1343/5721        right_pop(deque_struct&, int&) [5]
[24]     0.0    0.00    0.00    5721         set_deque_hint(deque_hint_struct&, std::atomic<deque_node_struct>*, long) [24]
-----------------------------------------------
                0.00    0.00    5570/5570        std::atomic<deque_hint_struct>::compare_exchange_strong(deque_hint_struct&, deque_hint_struct, std::memory_order) [26]
[25]     0.0    0.00    0.00    5570         std::atomic<deque_hint_struct>::compare_exchange_strong(deque_hint_struct&, deque_hint_struct, std::memory_order, std::memory_order) [25]
-----------------------------------------------
                0.00    0.00    1308/5452        right_pop(deque_struct&, int&) [5]
                0.00    0.00    1373/5452        left_push(deque_struct&, int*, int&) [13]
                0.00    0.00    1382/5452        left_pop(deque_struct&, int&) [3]
                0.00    0.00    1389/5452        right_push(deque_struct&, int*, int&) [4]
[26]     0.0    0.00    0.00    5452         std::atomic<deque_hint_struct>::compare_exchange_strong(deque_hint_struct&, deque_hint_struct, std::memory_order) [26]
                0.00    0.00    5570/5570        std::atomic<deque_hint_struct>::compare_exchange_strong(deque_hint_struct&, deque_hint_struct, std::memory_order, std::memory_order) [25]
-----------------------------------------------
                0.00    0.00    2754/2754        std::__atomic_base<unsigned long>::operator--(int) [28]
[27]     0.0    0.00    0.00    2754         std::__atomic_base<unsigned long>::fetch_sub(unsigned long, std::memory_order) [27]
-----------------------------------------------
                0.00    0.00    1329/2668        right_pop(deque_struct&, int&) [5]
                0.00    0.00    1339/2668        left_pop(deque_struct&, int&) [3]
[28]     0.0    0.00    0.00    2668         std::__atomic_base<unsigned long>::operator--(int) [28]
                0.00    0.00    2754/2754        std::__atomic_base<unsigned long>::fetch_sub(unsigned long, std::memory_order) [27]
-----------------------------------------------
                0.00    0.00    2642/2642        std::__atomic_base<unsigned long>::operator++(int) [30]
[29]     0.0    0.00    0.00    2642         std::__atomic_base<unsigned long>::fetch_add(unsigned long, std::memory_order) [29]
-----------------------------------------------
                0.00    0.00    1259/2531        right_push(deque_struct&, int*, int&) [4]
                0.00    0.00    1272/2531        left_push(deque_struct&, int*, int&) [13]
[30]     0.0    0.00    0.00    2531         std::__atomic_base<unsigned long>::operator++(int) [30]
                0.00    0.00    2642/2642        std::__atomic_base<unsigned long>::fetch_add(unsigned long, std::memory_order) [29]
-----------------------------------------------
                0.00    0.00      60/60          init_buffer(std::atomic<deque_node_struct>*, int, buffer_fill) [33]
[31]     0.0    0.00    0.00      60         init_deque_node(std::atomic<deque_node_struct>&, void*) [31]
                0.00    0.00      56/58          std::atomic<deque_node_struct>::store(deque_node_struct, std::memory_order) [32]
-----------------------------------------------
                0.00    0.00       2/58          right_push(deque_struct&, int*, int&) [4]
                0.00    0.00      56/58          init_deque_node(std::atomic<deque_node_struct>&, void*) [31]
[32]     0.0    0.00    0.00      58         std::atomic<deque_node_struct>::store(deque_node_struct, std::memory_order) [32]
-----------------------------------------------
                0.00    0.00       1/2           right_push(deque_struct&, int*, int&) [4]
                0.00    0.00       1/2           init_deque(deque_struct&) [35]
[33]     0.0    0.00    0.00       2         init_buffer(std::atomic<deque_node_struct>*, int, buffer_fill) [33]
                0.00    0.00      60/60          init_deque_node(std::atomic<deque_node_struct>&, void*) [31]
-----------------------------------------------
                0.00    0.00       2/2           init_deque(deque_struct&) [35]
[34]     0.0    0.00    0.00       2         std::atomic<deque_hint_struct>::store(deque_hint_struct, std::memory_order) [34]
-----------------------------------------------
                0.00    0.00       1/1           main [19]
[35]     0.0    0.00    0.00       1         init_deque(deque_struct&) [35]
                0.00    0.00       2/5721        set_deque_hint(deque_hint_struct&, std::atomic<deque_node_struct>*, long) [24]
                0.00    0.00       2/2           std::atomic<deque_hint_struct>::store(deque_hint_struct, std::memory_order) [34]
                0.00    0.00       1/2           init_buffer(std::atomic<deque_node_struct>*, int, buffer_fill) [33]
                0.00    0.00       1/1           std::__atomic_base<unsigned long>::operator=(unsigned long) [37]
-----------------------------------------------
                0.00    0.00       1/1           std::__atomic_base<unsigned long>::operator=(unsigned long) [37]
[36]     0.0    0.00    0.00       1         std::__atomic_base<unsigned long>::store(unsigned long, std::memory_order) [36]
-----------------------------------------------
                0.00    0.00       1/1           init_deque(deque_struct&) [35]
[37]     0.0    0.00    0.00       1         std::__atomic_base<unsigned long>::operator=(unsigned long) [37]
                0.00    0.00       1/1           std::__atomic_base<unsigned long>::store(unsigned long, std::memory_order) [36]
-----------------------------------------------

 This table describes the call tree of the program, and was sorted by
 the total amount of time spent in each function and its children.

 Each entry in this table consists of several lines.  The line with the
 index number at the left hand margin lists the current function.
 The lines above it list the functions that called this function,
 and the lines below it list the functions this one called.
 This line lists:
     index	A unique number given to each element of the table.
		Index numbers are sorted numerically.
		The index number is printed next to every function name so
		it is easier to look up where the function in the table.

     % time	This is the percentage of the `total' time that was spent
		in this function and its children.  Note that due to
		different viewpoints, functions excluded by options, etc,
		these numbers will NOT add up to 100%.

     self	This is the total amount of time spent in this function.

     children	This is the total amount of time propagated into this
		function by its children.

     called	This is the number of times the function was called.
		If the function called itself recursively, the number
		only includes non-recursive calls, and is followed by
		a `+' and the number of recursive calls.

     name	The name of the current function.  The index number is
		printed after it.  If the function is a member of a
		cycle, the cycle number is printed between the
		function's name and the index number.


 For the function's parents, the fields have the following meanings:

     self	This is the amount of time that was propagated directly
		from the function into this parent.

     children	This is the amount of time that was propagated from
		the function's children into this parent.

     called	This is the number of times this parent called the
		function `/' the total number of times the function
		was called.  Recursive calls to the function are not
		included in the number after the `/'.

     name	This is the name of the parent.  The parent's index
		number is printed after it.  If the parent is a
		member of a cycle, the cycle number is printed between
		the name and the index number.

 If the parents of the function cannot be determined, the word
 `<spontaneous>' is printed in the `name' field, and all the other
 fields are blank.

 For the function's children, the fields have the following meanings:

     self	This is the amount of time that was propagated directly
		from the child into the function.

     children	This is the amount of time that was propagated from the
		child's children to the function.

     called	This is the number of times the function called
		this child `/' the total number of times the child
		was called.  Recursive calls by the child are not
		listed in the number after the `/'.

     name	This is the name of the child.  The child's index
		number is printed after it.  If the child is a
		member of a cycle, the cycle number is printed
		between the name and the index number.

 If there are any cycles (circles) in the call graph, there is an
 entry for the cycle-as-a-whole.  This entry shows who called the
 cycle (as parents) and the members of the cycle (as children.)
 The `+' recursive calls entry shows the number of function calls that
 were internal to the cycle, and the calls entry for each member shows,
 for that member, how many times it was called from other members of
 the cycle.


Index by function name

  [35] init_deque(deque_struct&) [13] left_push(deque_struct&, int*, int&) [37] std::__atomic_base<unsigned long>::operator=(unsigned long)
   [4] right_push(deque_struct&, int*, int&) [5] right_pop(deque_struct&, int&) [28] std::__atomic_base<unsigned long>::operator--(int)
  [33] init_buffer(std::atomic<deque_node_struct>*, int, buffer_fill) [14] compare_node(std::atomic<deque_node_struct>&, deque_node_struct&) (deque.h) [30] std::__atomic_base<unsigned long>::operator++(int)
  [12] left_oracle(deque_struct&) [6] mod(long, long) (deque.h) [26] std::atomic<deque_hint_struct>::compare_exchange_strong(deque_hint_struct&, deque_hint_struct, std::memory_order)
   [2] right_oracle(deque_struct&) [10] std::__atomic_base<int>::operator int() const [25] std::atomic<deque_hint_struct>::compare_exchange_strong(deque_hint_struct&, deque_hint_struct, std::memory_order, std::memory_order)
  [24] set_deque_hint(deque_hint_struct&, std::atomic<deque_node_struct>*, long) [21] std::atomic<deque_hint_struct>::load(std::memory_order) const [34] std::atomic<deque_hint_struct>::store(deque_hint_struct, std::memory_order)
  [22] set_deque_node(deque_node_struct&, void*, unsigned int) [7] std::atomic<deque_node_struct>::load(std::memory_order) const [9] std::atomic<deque_node_struct>::compare_exchange_strong(deque_node_struct&, deque_node_struct, std::memory_order)
  [23] copy_deque_node(deque_node_struct&, deque_node_struct&) [36] std::__atomic_base<unsigned long>::store(unsigned long, std::memory_order) [8] std::atomic<deque_node_struct>::compare_exchange_strong(deque_node_struct&, deque_node_struct, std::memory_order, std::memory_order)
  [31] init_deque_node(std::atomic<deque_node_struct>&, void*) [29] std::__atomic_base<unsigned long>::fetch_add(unsigned long, std::memory_order) [32] std::atomic<deque_node_struct>::store(deque_node_struct, std::memory_order)
   [3] left_pop(deque_struct&, int&) [27] std::__atomic_base<unsigned long>::fetch_sub(unsigned long, std::memory_order) [11] std::__detail::_Mod<unsigned int, 2147483647u, 16807u, 0u, false>::__calc(unsigned int)
