Flat profile:

Each sample counts as 0.01 seconds.
  %   cumulative   self              self     total           
 time   seconds   seconds    calls  us/call  us/call  name    
 37.50      0.04     0.04  1196740     0.04     0.04  mod(long, long)
 25.00      0.07     0.03    11226     2.67     8.33  left_oracle(deque_struct&)
 16.67      0.10     0.02   802331     0.02     0.02  std::atomic<deque_node_struct>::load(std::memory_order) const
  8.33      0.10     0.01     3260     3.07     3.07  std::__atomic_base<unsigned long>::fetch_sub(unsigned long, std::memory_order)
  4.17      0.11     0.01    18861     0.27     0.27  std::atomic<deque_node_struct>::compare_exchange_strong(deque_node_struct&, deque_node_struct, std::memory_order)
  4.17      0.12     0.01     3141     1.59     1.59  std::atomic<deque_node_struct>::store(deque_node_struct, std::memory_order)
  4.17      0.12     0.01                             is_null(void*)
  0.00      0.12     0.00    23316     0.00     0.00  std::atomic<deque_hint_struct>::load(std::memory_order) const
  0.00      0.12     0.00    18578     0.00     0.00  std::atomic<deque_node_struct>::compare_exchange_strong(deque_node_struct&, deque_node_struct, std::memory_order, std::memory_order)
  0.00      0.12     0.00    11057     0.00     0.00  set_deque_node(deque_node_struct&, void*, unsigned int)
  0.00      0.12     0.00    10368     0.00     0.00  copy_deque_node(deque_node_struct&, deque_node_struct&)
  0.00      0.12     0.00     7492     0.00     0.00  set_deque_hint(deque_hint_struct&, std::atomic<deque_node_struct>*, long)
  0.00      0.12     0.00     6299     0.00     0.00  std::atomic<deque_hint_struct>::compare_exchange_strong(deque_hint_struct&, deque_hint_struct, std::memory_order)
  0.00      0.12     0.00     6166     0.00     0.00  std::atomic<deque_hint_struct>::compare_exchange_strong(deque_hint_struct&, deque_hint_struct, std::memory_order, std::memory_order)
  0.00      0.12     0.00     3250     0.00     3.08  std::__atomic_base<unsigned long>::operator--(int)
  0.00      0.12     0.00     3241     0.00     0.00  std::__atomic_base<unsigned long>::fetch_add(unsigned long, std::memory_order)
  0.00      0.12     0.00     3006     0.00     1.57  init_deque_node(std::atomic<deque_node_struct>&, void*)
  0.00      0.12     0.00     2827     0.00    20.50  left_pop(deque_struct&, int&)
  0.00      0.12     0.00     2823     0.00     0.00  std::__atomic_base<unsigned long>::operator++(int)
  0.00      0.12     0.00     2618     0.00    21.77  left_push(deque_struct&, int*, int&)
  0.00      0.12     0.00       87     0.00    54.16  init_buffer(std::atomic<deque_node_struct>*, int, buffer_fill)
  0.00      0.12     0.00        2     0.00     0.00  std::atomic<deque_hint_struct>::store(deque_hint_struct, std::memory_order)
  0.00      0.12     0.00        1     0.00    54.16  init_deque(deque_struct&)
  0.00      0.12     0.00        1     0.00     0.00  std::__atomic_base<unsigned long>::store(unsigned long, std::memory_order)
  0.00      0.12     0.00        1     0.00     0.00  std::__atomic_base<unsigned long>::operator=(unsigned long)

 %         the percentage of the total running time of the
time       program used by this function.

cumulative a running sum of the number of seconds accounted
 seconds   for by this function and those listed above it.

 self      the number of seconds accounted for by this
seconds    function alone.  This is the major sort for this
           listing.

calls      the number of times this function was invoked, if
           this function is profiled, else blank.
 
 self      the average number of milliseconds spent in this
ms/call    function per call, if this function is profiled,
	   else blank.

 total     the average number of milliseconds spent in this
ms/call    function and its descendents per call, if this 
	   function is profiled, else blank.

name       the name of the function.  This is the minor sort
           for this listing. The index shows the location of
	   the function in the gprof listing. If the index is
	   in parenthesis it shows where it would appear in
	   the gprof listing if it were to be printed.

		     Call graph (explanation follows)


granularity: each sample hit covers 4 byte(s) for 8.33% of 0.12 seconds

index % time    self  children    called     name
                                                 <spontaneous>
[1]     95.8    0.00    0.11                 timing_run(void*) [1]
                0.00    0.06    2827/2827        left_pop(deque_struct&, int&) [3]
                0.00    0.06    2618/2618        left_push(deque_struct&, int*, int&) [4]
-----------------------------------------------
                0.01    0.03    5369/11226       left_pop(deque_struct&, int&) [3]
                0.02    0.03    5857/11226       left_push(deque_struct&, int*, int&) [4]
[2]     77.9    0.03    0.06   11226         left_oracle(deque_struct&) [2]
                0.04    0.00 1172628/1196740     mod(long, long) [5]
                0.02    0.00  778564/802331      std::atomic<deque_node_struct>::load(std::memory_order) const [6]
                0.00    0.00   12076/23316       std::atomic<deque_hint_struct>::load(std::memory_order) const [21]
                0.00    0.00    1327/7492        set_deque_hint(deque_hint_struct&, std::atomic<deque_node_struct>*, long) [25]
-----------------------------------------------
                0.00    0.06    2827/2827        timing_run(void*) [1]
[3]     48.3    0.00    0.06    2827         left_pop(deque_struct&, int&) [3]
                0.01    0.03    5369/11226       left_oracle(deque_struct&) [2]
                0.00    0.01    3250/3250        std::__atomic_base<unsigned long>::operator--(int) [8]
                0.00    0.00    9494/18861       std::atomic<deque_node_struct>::compare_exchange_strong(deque_node_struct&, deque_node_struct, std::memory_order) [9]
                0.00    0.00   11631/1196740     mod(long, long) [5]
                0.00    0.00   11372/802331      std::atomic<deque_node_struct>::load(std::memory_order) const [6]
                0.00    0.00    5347/23316       std::atomic<deque_hint_struct>::load(std::memory_order) const [21]
                0.00    0.00    5202/11057       set_deque_node(deque_node_struct&, void*, unsigned int) [23]
                0.00    0.00    4794/10368       copy_deque_node(deque_node_struct&, deque_node_struct&) [24]
                0.00    0.00    3338/6299        std::atomic<deque_hint_struct>::compare_exchange_strong(deque_hint_struct&, deque_hint_struct, std::memory_order) [26]
                0.00    0.00    3177/7492        set_deque_hint(deque_hint_struct&, std::atomic<deque_node_struct>*, long) [25]
-----------------------------------------------
                0.00    0.06    2618/2618        timing_run(void*) [1]
[4]     47.5    0.00    0.06    2618         left_push(deque_struct&, int*, int&) [4]
                0.02    0.03    5857/11226       left_oracle(deque_struct&) [2]
                0.00    0.00      86/87          init_buffer(std::atomic<deque_node_struct>*, int, buffer_fill) [13]
                0.00    0.00    9367/18861       std::atomic<deque_node_struct>::compare_exchange_strong(deque_node_struct&, deque_node_struct, std::memory_order) [9]
                0.00    0.00   12481/1196740     mod(long, long) [5]
                0.00    0.00   12395/802331      std::atomic<deque_node_struct>::load(std::memory_order) const [6]
                0.00    0.00     181/3141        std::atomic<deque_node_struct>::store(deque_node_struct, std::memory_order) [10]
                0.00    0.00    5893/23316       std::atomic<deque_hint_struct>::load(std::memory_order) const [21]
                0.00    0.00    5855/11057       set_deque_node(deque_node_struct&, void*, unsigned int) [23]
                0.00    0.00    5574/10368       copy_deque_node(deque_node_struct&, deque_node_struct&) [24]
                0.00    0.00    2986/7492        set_deque_hint(deque_hint_struct&, std::atomic<deque_node_struct>*, long) [25]
                0.00    0.00    2961/6299        std::atomic<deque_hint_struct>::compare_exchange_strong(deque_hint_struct&, deque_hint_struct, std::memory_order) [26]
                0.00    0.00    2823/2823        std::__atomic_base<unsigned long>::operator++(int) [29]
-----------------------------------------------
                0.00    0.00   11631/1196740     left_pop(deque_struct&, int&) [3]
                0.00    0.00   12481/1196740     left_push(deque_struct&, int*, int&) [4]
                0.04    0.00 1172628/1196740     left_oracle(deque_struct&) [2]
[5]     37.5    0.04    0.00 1196740         mod(long, long) [5]
-----------------------------------------------
                0.00    0.00   11372/802331      left_pop(deque_struct&, int&) [3]
                0.00    0.00   12395/802331      left_push(deque_struct&, int*, int&) [4]
                0.02    0.00  778564/802331      left_oracle(deque_struct&) [2]
[6]     16.7    0.02    0.00  802331         std::atomic<deque_node_struct>::load(std::memory_order) const [6]
-----------------------------------------------
                0.01    0.00    3260/3260        std::__atomic_base<unsigned long>::operator--(int) [8]
[7]      8.3    0.01    0.00    3260         std::__atomic_base<unsigned long>::fetch_sub(unsigned long, std::memory_order) [7]
-----------------------------------------------
                0.00    0.01    3250/3250        left_pop(deque_struct&, int&) [3]
[8]      8.3    0.00    0.01    3250         std::__atomic_base<unsigned long>::operator--(int) [8]
                0.01    0.00    3260/3260        std::__atomic_base<unsigned long>::fetch_sub(unsigned long, std::memory_order) [7]
-----------------------------------------------
                0.00    0.00    9367/18861       left_push(deque_struct&, int*, int&) [4]
                0.00    0.00    9494/18861       left_pop(deque_struct&, int&) [3]
[9]      4.2    0.01    0.00   18861         std::atomic<deque_node_struct>::compare_exchange_strong(deque_node_struct&, deque_node_struct, std::memory_order) [9]
                0.00    0.00   18578/18578       std::atomic<deque_node_struct>::compare_exchange_strong(deque_node_struct&, deque_node_struct, std::memory_order, std::memory_order) [22]
-----------------------------------------------
                0.00    0.00     181/3141        left_push(deque_struct&, int*, int&) [4]
                0.00    0.00    2960/3141        init_deque_node(std::atomic<deque_node_struct>&, void*) [12]
[10]     4.2    0.01    0.00    3141         std::atomic<deque_node_struct>::store(deque_node_struct, std::memory_order) [10]
-----------------------------------------------
                                                 <spontaneous>
[11]     4.2    0.01    0.00                 is_null(void*) [11]
-----------------------------------------------
                0.00    0.00    3006/3006        init_buffer(std::atomic<deque_node_struct>*, int, buffer_fill) [13]
[12]     3.9    0.00    0.00    3006         init_deque_node(std::atomic<deque_node_struct>&, void*) [12]
                0.00    0.00    2960/3141        std::atomic<deque_node_struct>::store(deque_node_struct, std::memory_order) [10]
-----------------------------------------------
                0.00    0.00       1/87          init_deque(deque_struct&) [15]
                0.00    0.00      86/87          left_push(deque_struct&, int*, int&) [4]
[13]     3.9    0.00    0.00      87         init_buffer(std::atomic<deque_node_struct>*, int, buffer_fill) [13]
                0.00    0.00    3006/3006        init_deque_node(std::atomic<deque_node_struct>&, void*) [12]
-----------------------------------------------
                                                 <spontaneous>
[14]     0.0    0.00    0.00                 main [14]
                0.00    0.00       1/1           init_deque(deque_struct&) [15]
-----------------------------------------------
                0.00    0.00       1/1           main [14]
[15]     0.0    0.00    0.00       1         init_deque(deque_struct&) [15]
                0.00    0.00       1/87          init_buffer(std::atomic<deque_node_struct>*, int, buffer_fill) [13]
                0.00    0.00       2/7492        set_deque_hint(deque_hint_struct&, std::atomic<deque_node_struct>*, long) [25]
                0.00    0.00       2/2           std::atomic<deque_hint_struct>::store(deque_hint_struct, std::memory_order) [30]
                0.00    0.00       1/1           std::__atomic_base<unsigned long>::operator=(unsigned long) [32]
-----------------------------------------------
                0.00    0.00    5347/23316       left_pop(deque_struct&, int&) [3]
                0.00    0.00    5893/23316       left_push(deque_struct&, int*, int&) [4]
                0.00    0.00   12076/23316       left_oracle(deque_struct&) [2]
[21]     0.0    0.00    0.00   23316         std::atomic<deque_hint_struct>::load(std::memory_order) const [21]
-----------------------------------------------
                0.00    0.00   18578/18578       std::atomic<deque_node_struct>::compare_exchange_strong(deque_node_struct&, deque_node_struct, std::memory_order) [9]
[22]     0.0    0.00    0.00   18578         std::atomic<deque_node_struct>::compare_exchange_strong(deque_node_struct&, deque_node_struct, std::memory_order, std::memory_order) [22]
-----------------------------------------------
                0.00    0.00    5202/11057       left_pop(deque_struct&, int&) [3]
                0.00    0.00    5855/11057       left_push(deque_struct&, int*, int&) [4]
[23]     0.0    0.00    0.00   11057         set_deque_node(deque_node_struct&, void*, unsigned int) [23]
-----------------------------------------------
                0.00    0.00    4794/10368       left_pop(deque_struct&, int&) [3]
                0.00    0.00    5574/10368       left_push(deque_struct&, int*, int&) [4]
[24]     0.0    0.00    0.00   10368         copy_deque_node(deque_node_struct&, deque_node_struct&) [24]
-----------------------------------------------
                0.00    0.00       2/7492        init_deque(deque_struct&) [15]
                0.00    0.00    1327/7492        left_oracle(deque_struct&) [2]
                0.00    0.00    2986/7492        left_push(deque_struct&, int*, int&) [4]
                0.00    0.00    3177/7492        left_pop(deque_struct&, int&) [3]
[25]     0.0    0.00    0.00    7492         set_deque_hint(deque_hint_struct&, std::atomic<deque_node_struct>*, long) [25]
-----------------------------------------------
                0.00    0.00    2961/6299        left_push(deque_struct&, int*, int&) [4]
                0.00    0.00    3338/6299        left_pop(deque_struct&, int&) [3]
[26]     0.0    0.00    0.00    6299         std::atomic<deque_hint_struct>::compare_exchange_strong(deque_hint_struct&, deque_hint_struct, std::memory_order) [26]
                0.00    0.00    6166/6166        std::atomic<deque_hint_struct>::compare_exchange_strong(deque_hint_struct&, deque_hint_struct, std::memory_order, std::memory_order) [27]
-----------------------------------------------
                0.00    0.00    6166/6166        std::atomic<deque_hint_struct>::compare_exchange_strong(deque_hint_struct&, deque_hint_struct, std::memory_order) [26]
[27]     0.0    0.00    0.00    6166         std::atomic<deque_hint_struct>::compare_exchange_strong(deque_hint_struct&, deque_hint_struct, std::memory_order, std::memory_order) [27]
-----------------------------------------------
                0.00    0.00    3241/3241        std::__atomic_base<unsigned long>::operator++(int) [29]
[28]     0.0    0.00    0.00    3241         std::__atomic_base<unsigned long>::fetch_add(unsigned long, std::memory_order) [28]
-----------------------------------------------
                0.00    0.00    2823/2823        left_push(deque_struct&, int*, int&) [4]
[29]     0.0    0.00    0.00    2823         std::__atomic_base<unsigned long>::operator++(int) [29]
                0.00    0.00    3241/3241        std::__atomic_base<unsigned long>::fetch_add(unsigned long, std::memory_order) [28]
-----------------------------------------------
                0.00    0.00       2/2           init_deque(deque_struct&) [15]
[30]     0.0    0.00    0.00       2         std::atomic<deque_hint_struct>::store(deque_hint_struct, std::memory_order) [30]
-----------------------------------------------
                0.00    0.00       1/1           std::__atomic_base<unsigned long>::operator=(unsigned long) [32]
[31]     0.0    0.00    0.00       1         std::__atomic_base<unsigned long>::store(unsigned long, std::memory_order) [31]
-----------------------------------------------
                0.00    0.00       1/1           init_deque(deque_struct&) [15]
[32]     0.0    0.00    0.00       1         std::__atomic_base<unsigned long>::operator=(unsigned long) [32]
                0.00    0.00       1/1           std::__atomic_base<unsigned long>::store(unsigned long, std::memory_order) [31]
-----------------------------------------------

 This table describes the call tree of the program, and was sorted by
 the total amount of time spent in each function and its children.

 Each entry in this table consists of several lines.  The line with the
 index number at the left hand margin lists the current function.
 The lines above it list the functions that called this function,
 and the lines below it list the functions this one called.
 This line lists:
     index	A unique number given to each element of the table.
		Index numbers are sorted numerically.
		The index number is printed next to every function name so
		it is easier to look up where the function in the table.

     % time	This is the percentage of the `total' time that was spent
		in this function and its children.  Note that due to
		different viewpoints, functions excluded by options, etc,
		these numbers will NOT add up to 100%.

     self	This is the total amount of time spent in this function.

     children	This is the total amount of time propagated into this
		function by its children.

     called	This is the number of times the function was called.
		If the function called itself recursively, the number
		only includes non-recursive calls, and is followed by
		a `+' and the number of recursive calls.

     name	The name of the current function.  The index number is
		printed after it.  If the function is a member of a
		cycle, the cycle number is printed between the
		function's name and the index number.


 For the function's parents, the fields have the following meanings:

     self	This is the amount of time that was propagated directly
		from the function into this parent.

     children	This is the amount of time that was propagated from
		the function's children into this parent.

     called	This is the number of times this parent called the
		function `/' the total number of times the function
		was called.  Recursive calls to the function are not
		included in the number after the `/'.

     name	This is the name of the parent.  The parent's index
		number is printed after it.  If the parent is a
		member of a cycle, the cycle number is printed between
		the name and the index number.

 If the parents of the function cannot be determined, the word
 `<spontaneous>' is printed in the `name' field, and all the other
 fields are blank.

 For the function's children, the fields have the following meanings:

     self	This is the amount of time that was propagated directly
		from the child into the function.

     children	This is the amount of time that was propagated from the
		child's children to the function.

     called	This is the number of times the function called
		this child `/' the total number of times the child
		was called.  Recursive calls by the child are not
		listed in the number after the `/'.

     name	This is the name of the child.  The child's index
		number is printed after it.  If the child is a
		member of a cycle, the cycle number is printed
		between the name and the index number.

 If there are any cycles (circles) in the call graph, there is an
 entry for the cycle-as-a-whole.  This entry shows who called the
 cycle (as parents) and the members of the cycle (as children.)
 The `+' recursive calls entry shows the number of function calls that
 were internal to the cycle, and the calls entry for each member shows,
 for that member, how many times it was called from other members of
 the cycle.


Index by function name

  [15] init_deque(deque_struct&) [5] mod(long, long) (deque.h) [29] std::__atomic_base<unsigned long>::operator++(int)
  [13] init_buffer(std::atomic<deque_node_struct>*, int, buffer_fill) [11] is_null(void*) (deque.h) [26] std::atomic<deque_hint_struct>::compare_exchange_strong(deque_hint_struct&, deque_hint_struct, std::memory_order)
   [2] left_oracle(deque_struct&) [21] std::atomic<deque_hint_struct>::load(std::memory_order) const [27] std::atomic<deque_hint_struct>::compare_exchange_strong(deque_hint_struct&, deque_hint_struct, std::memory_order, std::memory_order)
  [25] set_deque_hint(deque_hint_struct&, std::atomic<deque_node_struct>*, long) [6] std::atomic<deque_node_struct>::load(std::memory_order) const [30] std::atomic<deque_hint_struct>::store(deque_hint_struct, std::memory_order)
  [23] set_deque_node(deque_node_struct&, void*, unsigned int) [31] std::__atomic_base<unsigned long>::store(unsigned long, std::memory_order) [9] std::atomic<deque_node_struct>::compare_exchange_strong(deque_node_struct&, deque_node_struct, std::memory_order)
  [24] copy_deque_node(deque_node_struct&, deque_node_struct&) [28] std::__atomic_base<unsigned long>::fetch_add(unsigned long, std::memory_order) [22] std::atomic<deque_node_struct>::compare_exchange_strong(deque_node_struct&, deque_node_struct, std::memory_order, std::memory_order)
  [12] init_deque_node(std::atomic<deque_node_struct>&, void*) [7] std::__atomic_base<unsigned long>::fetch_sub(unsigned long, std::memory_order) [10] std::atomic<deque_node_struct>::store(deque_node_struct, std::memory_order)
   [3] left_pop(deque_struct&, int&) [32] std::__atomic_base<unsigned long>::operator=(unsigned long)
   [4] left_push(deque_struct&, int*, int&) [8] std::__atomic_base<unsigned long>::operator--(int)
