	0 43913 4867.98920 43413 5055.72823
	1 45910 5468.73800 41492 4466.85695
	2 51146 5074.13151 48114 4837.52725
	3 50574 4929.95886 51008 4941.61722
	4 47564 5030.55410 43936 4889.16014
	5 45286 4847.45573 46720 5071.90540
	6 40110 4986.25270 40396 4942.33716
	7 38779 4932.63650 40383 4956.67575
	8 51288 4936.43258 51386 4961.00312
	9 40035 4741.74078 43127 5157.85057
	10 52006 4848.93659 54356 5023.80165
	11 42680 4952.26354 42674 4947.65158
	12 48213 4742.07907 52311 5169.38504
	13 42493 5119.40941 39959 4754.09502
	14 49977 4860.54418 51269 5024.56048
	15 45531 4844.61125 48185 5085.00744
	16 43880 5047.02233 42116 4863.01335
	17 54032 5068.53774 51910 4852.10294
	18 49797 4935.74285 50803 4961.86559
	19 47504 4886.24151 47784 4996.68242
	20 52351 4966.89808 49601 4874.03365
	21 48722 4539.96851 51658 5371.33049
	22 51162 4704.17965 51494 5192.73235
	23 43908 4754.23707 45774 5166.36253
	24 42557 4886.99873 42305 5024.67877
	25 45421 5033.10072 42705 4901.74543
	26 48733 4912.54936 50321 4987.55431
	27 45016 4860.46127 43184 5050.71303
	28 50405 4806.19770 50277 5063.19991
	29 43988 4633.42773 47058 5247.85243
	30 49547 4866.17581 48701 5005.04058
	31 46788 5087.94662 44860 4782.94504
