	0 15771 5112.41545 15067 4741.39490
	1 9589 4320.47593 11507 5606.53955
	2 9757 4575.47381 10215 5358.34073
	3 13082 4857.30902 11958 4998.00806
	4 17152 5128.57772 16712 4836.49092
	5 9196 5086.27545 9518 4762.07556
	6 9305 5664.97854 8987 4289.43529
	7 9072 4557.29758 9090 5308.64854
	8 15044 4841.00063 14746 5146.72181
	9 10068 5176.69289 9910 4798.00963
	10 13258 4797.63053 15720 5025.84481
	11 8453 4178.26099 9529 5798.30817
	12 10123 4936.95476 9269 4952.30134
	13 9927 4909.75638 11209 4932.99507
	14 8317 5248.38503 8107 4691.58231
	15 13176 4994.45464 12506 4980.57903
	16 9125 5087.02347 9359 4828.98502
	17 16189 4937.90001 14887 5009.63600
	18 7471 4193.25212 8949 5753.44428
	19 11193 5733.90314 9471 4209.79316
	20 9965 4757.18485 9289 5201.63027
	21 7731 4435.94399 8447 5410.00310
	22 8318 5098.97684 8572 4770.39912
	23 9607 4102.55183 10909 5776.26127
	24 8181 5165.25526 7907 4812.12408
	25 11849 4572.33114 12995 5254.16952
	26 10515 5622.11165 9117 4329.37548
	27 13751 4939.88541 14885 4989.35558
	28 10234 4972.22426 10930 4925.63658
	29 9052 5484.72973 8344 4437.63586
	30 12696 5667.72372 11478 4292.31141
	31 8446 5141.15275 8212 4723.51076
	32 9754 4842.67903 10070 5109.26495
	33 9285 5075.70406 10891 4858.74021
	34 12782 4702.08618 13690 5189.37776
	35 9841 5569.57133 10365 4369.55736
	36 13160 5241.39408 11664 4648.93628
	37 9344 5660.79436 9046 4238.84966
	38 8908 4528.92576 8928 5379.76772
	39 13073 4567.32766 12871 5396.82864
	40 10811 6060.23211 8911 3837.07722
	41 16954 5846.41617 14606 4105.17605
	42 10232 5044.94533 8738 4885.66732
	43 9888 4632.72698 9964 5313.36048
	44 8878 6159.45723 7716 3823.26102
	45 9141 4543.14039 10493 5401.02082
	46 14017 4998.62686 14309 4899.34444
	47 9680 4484.14751 10364 5457.27661
	48 10722 4592.03747 10434 5316.16397
	49 8813 4867.28256 8515 5032.11925
	50 9449 4747.65736 10531 5161.64977
	51 14591 4916.95346 14203 5018.19791
	52 9622 5601.12973 8894 4371.39975
	53 15118 5318.62174 15590 4615.50189
	54 9240 5584.39953 8402 4352.20810
	55 13721 5092.34947 14287 4861.37950
	56 10169 4977.26939 10081 4984.89164
	57 13473 4949.74287 13677 4999.84081
	58 8521 4556.89628 9833 5346.05515
	59 15622 5023.85694 14694 4871.85823
	60 11114 5269.79005 10586 4630.46953
	61 10638 4282.46522 11536 5672.49096
	62 10748 4820.24489 10896 5142.46535
	63 13381 5046.19852 13611 4814.17142
