	0 136128 5300.06173 144846 4639.56318
	1 130414 5293.93566 123012 4687.40470
	2 142355 5182.39905 148379 4783.59112
	3 149073 5603.54833 130783 4375.12166
	4 130237 5121.16118 138743 4819.24869
	5 153449 5420.23697 152761 4557.82834
	6 144935 5307.21460 151835 4670.24722
	7 154058 5086.04747 161284 4866.55859
	8 130817 5259.04136 130217 4696.41275
	9 163687 5509.05624 145175 4438.11389
	10 125399 5411.40977 119921 4570.13214
	11 141439 5291.28193 151383 4660.54379
	12 134563 5258.38748 145171 4694.25866
	13 124415 5074.12646 127109 4892.51660
	14 132247 5119.22911 139573 4822.45315
	15 149596 5237.00713 154076 4714.68370
	16 150487 5220.75326 148219 4732.11615
	17 124192 5372.65499 119320 4559.80595
	18 157334 5492.47579 146700 4455.58478
	19 151791 5658.30599 130599 4319.72479
	20 141752 5108.25144 148048 4819.59030
	21 145685 5687.85947 138011 4274.38073
	22 143421 5073.61960 156641 4893.42757
	23 122782 5112.75900 125070 4843.89834
	24 158127 5692.17779 138143 4283.00259
	25 122145 5398.44367 119793 4583.82057
	26 129635 5102.12804 139187 4838.07320
	27 116961 5261.57503 118373 4664.57341
	28 141258 5097.07477 151642 4870.38226
	29 139338 5494.77686 131486 4455.40660
	30 135103 5086.68101 142599 4857.90905
	31 136428 5232.86927 141088 4719.19518
