	0 60406 5549.90529 57120 4395.06602
	1 54022 5408.68775 51650 4545.78240
	2 70222 5182.44549 74772 4751.72045
	3 58127 5629.44853 51151 4307.12475
	4 69532 5289.96264 73284 4606.91001
	5 81674 5567.01255 86984 4363.95776
	6 51821 5846.49572 45039 4117.78923
	7 52849 5391.53373 51239 4533.78080
	8 69334 5407.38931 73762 4550.00387
	9 50839 5220.07463 46713 4742.25326
	10 47532 5679.14373 42664 4280.38339
	11 79571 5266.30122 84767 4649.22422
	12 73742 5397.50041 79174 4542.05156
	13 62702 5088.71309 68998 4828.59198
	14 69943 5339.80358 73957 4556.42230
	15 52758 5770.78751 46172 4204.26481
	16 69271 5292.96171 75071 4641.22314
	17 50916 5834.03762 44484 4100.08917
	18 50608 5392.39510 49442 4533.05318
	19 52218 5676.12962 46390 4294.64678
	20 66953 5662.26191 68699 4257.85133
	21 73831 5485.92635 79279 4484.29036
	22 48603 5505.01280 42761 4465.36657
	23 67536 5214.86780 73882 4767.37000
	24 48049 5305.92616 42949 4684.69081
	25 76686 5628.47293 81972 4334.98980
	26 69937 5067.09968 75709 4904.91799
	27 54922 5753.08819 48594 4223.48036
	28 69388 5052.97997 72552 4844.40472
	29 53093 5574.70491 47661 4397.00199
	30 47471 5485.99334 42237 4439.67176
	31 47135 5717.39890 41773 4204.38790
	32 54544 5447.23611 47968 4516.16629
	33 73085 4867.89230 77995 5119.69508
	34 64801 4984.73474 69811 4908.00584
	35 44474 5848.94244 39246 4099.83022
	36 64466 5090.16984 69554 4856.78729
	37 60756 4939.58489 62482 5043.54970
	38 57229 5160.57950 59691 4815.70183
	39 49413 5741.26351 47655 4216.16024
	40 54040 5661.90163 47548 4273.87753
	41 69688 5402.89487 72388 4560.91415
	42 61913 5319.98099 68543 4669.39143
	43 65569 5087.13367 70239 4832.50258
	44 70417 5448.47154 76053 4497.61203
	45 52863 5630.14219 47139 4315.91641
	46 71317 4896.93215 77663 5013.91092
	47 50067 5524.95628 48271 4434.02834
	48 75190 5223.29350 81614 4686.29992
	49 55326 5655.01018 48728 4328.58038
	50 50899 5782.31445 44361 4176.78632
	51 57299 5452.08327 49807 4522.21057
	52 56382 5639.20576 50842 4350.30242
	53 53921 5548.27866 47883 4391.44818
	54 53917 5747.45253 47617 4173.52786
	55 56851 5513.56049 51385 4475.55659
	56 69451 5083.56177 75157 4826.74856
	57 81719 5342.07542 88201 4630.86264
	58 59826 5676.86403 58250 4265.55075
	59 68455 5055.49616 73463 4917.92453
	60 76494 5262.87506 82088 4668.61603
	61 77786 5455.13734 83846 4452.25401
	62 59379 5383.80422 56751 4536.53447
	63 76868 5352.34699 82876 4592.99962
